<?xml version="1.0" encoding="UTF-8"?>
<testng-results skipped="0" failed="0" ignored="0" total="1" passed="1">
  <reporter-output>
  </reporter-output>
  <suite name="Command line suite" duration-ms="105" started-at="2018-05-15T17:31:30Z" finished-at="2018-05-15T17:31:30Z">
    <groups>
    </groups>
    <test name="Command line test" duration-ms="105" started-at="2018-05-15T17:31:30Z" finished-at="2018-05-15T17:31:30Z">
      <class name="my.initial.project.selenium.jenkins.AppTest">
        <test-method status="PASS" signature="testApp()" name="testApp" duration-ms="20" started-at="2018-05-15T17:31:30Z" finished-at="2018-05-15T17:31:30Z">
          <reporter-output>
          </reporter-output>
        </test-method> <!-- testApp -->
      </class> <!-- my.initial.project.selenium.jenkins.AppTest -->
    </test> <!-- Command line test -->
  </suite> <!-- Command line suite -->
</testng-results>
