<?xml version="1.0" encoding="UTF-8"?>
<!-- Generated by org.testng.reporters.JUnitXMLReporter -->
<testsuite hostname="bantam-PC" ignored="0" name="Default test" tests="3" failures="0" timestamp="12 May 2018 21:43:08 GMT" time="6.692" errors="0">
  <testcase name="openBrowser" time="4.634" classname="my.initial.project.selenium.jenkins.firstTests2"/>
  <testcase name="login" time="0.447" classname="my.initial.project.selenium.jenkins.firstTests2"/>
  <testcase name="getPageTitle" time="1.568" classname="my.initial.project.selenium.jenkins.firstTests2"/>
</testsuite> <!-- Default test -->
