<?xml version="1.0" encoding="UTF-8"?>
<!-- Generated by org.testng.reporters.JUnitXMLReporter -->
<testsuite hostname="bantam-PC" ignored="0" name="Test" tests="1" failures="1" timestamp="16 May 2018 17:25:54 GMT" time="8.051" errors="0">
  <testcase name="feature" time="7.664" classname="cucumber.api.testng.AbstractTestNGCucumberTests">
    <failure type="cucumber.runtime.CucumberException" message="java.lang.NullPointerException">
      <![CDATA[cucumber.runtime.CucumberException: java.lang.NullPointerException
at cucumber.api.testng.TestNGCucumberRunner.runCucumber(TestNGCucumberRunner.java:69)
at cucumber.api.testng.AbstractTestNGCucumberTests.feature(AbstractTestNGCucumberTests.java:21)
Caused by: java.lang.NullPointerException
at my.initial.project.selenium.jenkins.StepDefinitions.page_title_is_displayed(StepDefinitions.java:24)
at ✽.Then Page title is displayed(heh.feature:5)
... Removed 29 stack frames]]>
    </failure>
  </testcase> <!-- feature -->
</testsuite> <!-- Test -->
