<?xml version="1.0" encoding="UTF-8"?>
<testsuite xmlns:xsi="http://www.w3.org/2001/XMLSchema-instance" xsi:noNamespaceSchemaLocation="https://maven.apache.org/surefire/maven-surefire-plugin/xsd/surefire-test-report.xsd" name="TestSuite" time="5.23" tests="1" errors="0" skipped="0" failures="1">
  <properties>
[...]
</properties>
  <testcase name="feature" classname="my.initial.project.selenium.jenkins.TestRunner" time="3.769">
    <failure message="java.lang.IllegalStateException: The driver executable does not exist: C:\usr\lib\chromium-browser\chromedriver" type="cucumber.runtime.CucumberException">cucumber.runtime.CucumberException: java.lang.IllegalStateException: The driver executable does not exist: C:\usr\lib\chromium-browser\chromedriver
Caused by: java.lang.IllegalStateException: The driver executable does not exist: C:\usr\lib\chromium-browser\chromedriver
</failure>
    <system-out><![CDATA[Feature: Test

  Scenario: test                        &amp#27;[90m# cuc.feature:3&amp#27;[0m
    &amp#27;[31mWhen &amp#27;[0m&amp#27;[31mI open the browser&amp#27;[0m             &amp#27;[90m# StepDefinitions.i_open_the_browser()&amp#27;[0m
      &amp#27;[31mjava.lang.IllegalStateException: The driver executable does not exist: C:\usr\lib\chromium-browser\chromedriver
      	at com.google.common.base.Preconditions.checkState(Preconditions.java:585)
      	at org.openqa.selenium.remote.service.DriverService.checkExecutable(DriverService.java:136)
      	at org.openqa.selenium.remote.service.DriverService.findExecutable(DriverService.java:131)
      	at org.openqa.selenium.chrome.ChromeDriverService.access$000(ChromeDriverService.java:32)
      	at org.openqa.selenium.chrome.ChromeDriverService$Builder.findDefaultExecutable(ChromeDriverService.java:137)
      	at org.openqa.selenium.remote.service.DriverService$Builder.build(DriverService.java:339)
      	at org.openqa.selenium.chrome.ChromeDriverService.createDefaultService(ChromeDriverService.java:88)
      	at org.openqa.selenium.chrome.ChromeDriver.<init>(ChromeDriver.java:123)
      	at my.initial.project.selenium.jenkins.StepDefinitions.i_open_the_browser(StepDefinitions.java:18)
      	at ✽.When I open the browser(cuc.feature:4)
      &amp#27;[0m
    &amp#27;[36mThen &amp#27;[0m&amp#27;[36mPage title should be displayed&amp#27;[0m &amp#27;[90m# StepDefinitions.page_title_should_be_displayed()&amp#27;[0m
    &amp#27;[36mAnd &amp#27;[0m&amp#27;[36mBrowser should be shut down&amp#27;[0m     &amp#27;[90m# StepDefinitions.browser_should_be_shut_down()&amp#27;[0m
]]></system-out>
    <system-err><![CDATA[Starting ChromeDriver 2.38.552522 (437e6fbedfa8762dec75e2c5b3ddb86763dc9dcb) on port 21695
Only local connections are allowed.
May 16, 2018 3:07:59 PM org.openqa.selenium.remote.ProtocolHandshake createSession
INFO: Detected dialect: OSS
]]></system-err>
  </testcase>
</testsuite>