<?xml version="1.0" encoding="UTF-8"?>
<testsuite xmlns:xsi="http://www.w3.org/2001/XMLSchema-instance" xsi:noNamespaceSchemaLocation="https://maven.apache.org/surefire/maven-surefire-plugin/xsd/surefire-test-report.xsd" name="TestSuite" time="13.75" tests="1" errors="0" skipped="0" failures="1">
  <properties>
[...]
</properties>
  <testcase name="feature" classname="my.initial.project.selenium.jenkins.TestRunner" time="12.299">
    <failure message="org.openqa.selenium.NoSuchWindowException: no such window: target window already closed&#10;from unknown error: web view not found&#10;  (Session info: chrome=66.0.3359.139)&#10;  (Driver info: chromedriver=2.38.552522 (437e6fbedfa8762dec75e2c5b3ddb86763dc9dcb),platform=Windows NT 6.1.7601 SP1 x86_64) (WARNING: The server did not provide any stacktrace information)&#10;Command duration or timeout: 0 milliseconds&#10;Build info: version: &apos;3.11.0&apos;, revision: &apos;e59cfb3&apos;, time: &apos;2018-03-11T20:26:55.152Z&apos;&#10;System info: host: &apos;BANTAM-PC&apos;, ip: &apos;192.168.56.1&apos;, os.name: &apos;Windows 7&apos;, os.arch: &apos;amd64&apos;, os.version: &apos;6.1&apos;, java.version: &apos;1.8.0_144&apos;&#10;Driver info: org.openqa.selenium.chrome.ChromeDriver&#10;Capabilities {acceptInsecureCerts: false, acceptSslCerts: false, applicationCacheEnabled: false, browserConnectionEnabled: false, browserName: chrome, chrome: {chromedriverVersion: 2.38.552522 (437e6fbedfa876..., userDataDir: C:\Users\bantam\AppData\Loc...}, cssSelectorsEnabled: true, databaseEnabled: false, handlesAlerts: true, hasTouchScreen: false, javascriptEnabled: true, locationContextEnabled: true, mobileEmulationEnabled: false, nativeEvents: true, networkConnectionEnabled: false, pageLoadStrategy: normal, platform: XP, platformName: XP, rotatable: false, setWindowRect: true, takesHeapSnapshot: true, takesScreenshot: true, unexpectedAlertBehaviour: , unhandledPromptBehavior: , version: 66.0.3359.139, webStorageEnabled: true}&#10;Session ID: 83a0317774aaff56d4c38346b56c04f0" type="cucumber.runtime.CucumberException">cucumber.runtime.CucumberException: 
org.openqa.selenium.NoSuchWindowException: no such window: target window already closed
from unknown error: web view not found
  (Session info: chrome=66.0.3359.139)
  (Driver info: chromedriver=2.38.552522 (437e6fbedfa8762dec75e2c5b3ddb86763dc9dcb),platform=Windows NT 6.1.7601 SP1 x86_64) (WARNING: The server did not provide any stacktrace information)
Command duration or timeout: 0 milliseconds
Build info: version: '3.11.0', revision: 'e59cfb3', time: '2018-03-11T20:26:55.152Z'
System info: host: 'BANTAM-PC', ip: '192.168.56.1', os.name: 'Windows 7', os.arch: 'amd64', os.version: '6.1', java.version: '1.8.0_144'
Driver info: org.openqa.selenium.chrome.ChromeDriver
Capabilities {acceptInsecureCerts: false, acceptSslCerts: false, applicationCacheEnabled: false, browserConnectionEnabled: false, browserName: chrome, chrome: {chromedriverVersion: 2.38.552522 (437e6fbedfa876..., userDataDir: C:\Users\bantam\AppData\Loc...}, cssSelectorsEnabled: true, databaseEnabled: false, handlesAlerts: true, hasTouchScreen: false, javascriptEnabled: true, locationContextEnabled: true, mobileEmulationEnabled: false, nativeEvents: true, networkConnectionEnabled: false, pageLoadStrategy: normal, platform: XP, platformName: XP, rotatable: false, setWindowRect: true, takesHeapSnapshot: true, takesScreenshot: true, unexpectedAlertBehaviour: , unhandledPromptBehavior: , version: 66.0.3359.139, webStorageEnabled: true}
Session ID: 83a0317774aaff56d4c38346b56c04f0
Caused by: org.openqa.selenium.NoSuchWindowException: 
no such window: target window already closed
from unknown error: web view not found
  (Session info: chrome=66.0.3359.139)
  (Driver info: chromedriver=2.38.552522 (437e6fbedfa8762dec75e2c5b3ddb86763dc9dcb),platform=Windows NT 6.1.7601 SP1 x86_64) (WARNING: The server did not provide any stacktrace information)
Command duration or timeout: 0 milliseconds
Build info: version: '3.11.0', revision: 'e59cfb3', time: '2018-03-11T20:26:55.152Z'
System info: host: 'BANTAM-PC', ip: '192.168.56.1', os.name: 'Windows 7', os.arch: 'amd64', os.version: '6.1', java.version: '1.8.0_144'
Driver info: org.openqa.selenium.chrome.ChromeDriver
Capabilities {acceptInsecureCerts: false, acceptSslCerts: false, applicationCacheEnabled: false, browserConnectionEnabled: false, browserName: chrome, chrome: {chromedriverVersion: 2.38.552522 (437e6fbedfa876..., userDataDir: C:\Users\bantam\AppData\Loc...}, cssSelectorsEnabled: true, databaseEnabled: false, handlesAlerts: true, hasTouchScreen: false, javascriptEnabled: true, locationContextEnabled: true, mobileEmulationEnabled: false, nativeEvents: true, networkConnectionEnabled: false, pageLoadStrategy: normal, platform: XP, platformName: XP, rotatable: false, setWindowRect: true, takesHeapSnapshot: true, takesScreenshot: true, unexpectedAlertBehaviour: , unhandledPromptBehavior: , version: 66.0.3359.139, webStorageEnabled: true}
Session ID: 83a0317774aaff56d4c38346b56c04f0
</failure>
    <system-out><![CDATA[Feature: Test

  Scenario: test                        &amp#27;[90m# cuc.feature:3&amp#27;[0m
    &amp#27;[32mWhen &amp#27;[0m&amp#27;[32mI open the browser&amp#27;[0m             &amp#27;[90m# StepDefinitions.i_open_the_browser()&amp#27;[0m
    &amp#27;[32mThen &amp#27;[0m&amp#27;[32mPage title should be displayed&amp#27;[0m &amp#27;[90m# StepDefinitions.page_title_should_be_displayed()&amp#27;[0m
    &amp#27;[31mAnd &amp#27;[0m&amp#27;[31mBrowser should be shut down&amp#27;[0m     &amp#27;[90m# StepDefinitions.browser_should_be_shut_down()&amp#27;[0m
      &amp#27;[31morg.openqa.selenium.NoSuchWindowException: no such window: target window already closed
      from unknown error: web view not found
        (Session info: chrome=66.0.3359.139)
        (Driver info: chromedriver=2.38.552522 (437e6fbedfa8762dec75e2c5b3ddb86763dc9dcb),platform=Windows NT 6.1.7601 SP1 x86_64) (WARNING: The server did not provide any stacktrace information)
      Command duration or timeout: 0 milliseconds
      Build info: version: '3.11.0', revision: 'e59cfb3', time: '2018-03-11T20:26:55.152Z'
      System info: host: 'BANTAM-PC', ip: '192.168.56.1', os.name: 'Windows 7', os.arch: 'amd64', os.version: '6.1', java.version: '1.8.0_144'
      Driver info: org.openqa.selenium.chrome.ChromeDriver
      Capabilities {acceptInsecureCerts: false, acceptSslCerts: false, applicationCacheEnabled: false, browserConnectionEnabled: false, browserName: chrome, chrome: {chromedriverVersion: 2.38.552522 (437e6fbedfa876..., userDataDir: C:\Users\bantam\AppData\Loc...}, cssSelectorsEnabled: true, databaseEnabled: false, handlesAlerts: true, hasTouchScreen: false, javascriptEnabled: true, locationContextEnabled: true, mobileEmulationEnabled: false, nativeEvents: true, networkConnectionEnabled: false, pageLoadStrategy: normal, platform: XP, platformName: XP, rotatable: false, setWindowRect: true, takesHeapSnapshot: true, takesScreenshot: true, unexpectedAlertBehaviour: , unhandledPromptBehavior: , version: 66.0.3359.139, webStorageEnabled: true}
      Session ID: 83a0317774aaff56d4c38346b56c04f0
      	at sun.reflect.NativeConstructorAccessorImpl.newInstance0(Native Method)
      	at sun.reflect.NativeConstructorAccessorImpl.newInstance(NativeConstructorAccessorImpl.java:62)
      	at sun.reflect.DelegatingConstructorAccessorImpl.newInstance(DelegatingConstructorAccessorImpl.java:45)
      	at java.lang.reflect.Constructor.newInstance(Constructor.java:423)
      	at org.openqa.selenium.remote.ErrorHandler.createThrowable(ErrorHandler.java:214)
      	at org.openqa.selenium.remote.ErrorHandler.throwIfResponseFailed(ErrorHandler.java:166)
      	at org.openqa.selenium.remote.http.JsonHttpResponseCodec.reconstructValue(JsonHttpResponseCodec.java:40)
      	at org.openqa.selenium.remote.http.AbstractHttpResponseCodec.decode(AbstractHttpResponseCodec.java:80)
      	at org.openqa.selenium.remote.http.AbstractHttpResponseCodec.decode(AbstractHttpResponseCodec.java:44)
      	at org.openqa.selenium.remote.HttpCommandExecutor.execute(HttpCommandExecutor.java:158)
      	at org.openqa.selenium.remote.service.DriverCommandExecutor.execute(DriverCommandExecutor.java:83)
      	at org.openqa.selenium.remote.RemoteWebDriver.execute(RemoteWebDriver.java:545)
      	at org.openqa.selenium.remote.RemoteWebDriver.execute(RemoteWebDriver.java:602)
      	at org.openqa.selenium.remote.RemoteWebDriver.close(RemoteWebDriver.java:435)
      	at my.initial.project.selenium.jenkins.StepDefinitions.browser_should_be_shut_down(StepDefinitions.java:28)
      	at ✽.And Browser should be shut down(cuc.feature:6)
      &amp#27;[0m

  Scenario: test2                       &amp#27;[90m# cuc.feature:8&amp#27;[0m
    &amp#27;[31mWhen &amp#27;[0m&amp#27;[31mI open the browser&amp#27;[0m             &amp#27;[90m# StepDefinitions.i_open_the_browser()&amp#27;[0m
      &amp#27;[31mcucumber.runtime.CucumberException: Failed to instantiate class my.initial.project.selenium.jenkins.StepDefinitions
      	at cucumber.runtime.java.DefaultJavaObjectFactory.cacheNewInstance(DefaultJavaObjectFactory.java:47)
      	at cucumber.runtime.java.DefaultJavaObjectFactory.getInstance(DefaultJavaObjectFactory.java:33)
      	at cucumber.runtime.java.JavaStepDefinition.execute(JavaStepDefinition.java:38)
      	at cucumber.runtime.StepDefinitionMatch.runStep(StepDefinitionMatch.java:37)
      	at cucumber.runtime.Runtime.runStep(Runtime.java:300)
      	at cucumber.runtime.model.StepContainer.runStep(StepContainer.java:44)
      	at cucumber.runtime.model.StepContainer.runSteps(StepContainer.java:39)
      	at cucumber.runtime.model.CucumberScenario.run(CucumberScenario.java:44)
      	at cucumber.runtime.model.CucumberFeature.run(CucumberFeature.java:165)
      	at cucumber.api.testng.TestNGCucumberRunner.runCucumber(TestNGCucumberRunner.java:63)
      	at cucumber.api.testng.AbstractTestNGCucumberTests.feature(AbstractTestNGCucumberTests.java:21)
      	at sun.reflect.NativeMethodAccessorImpl.invoke0(Native Method)
      	at sun.reflect.NativeMethodAccessorImpl.invoke(NativeMethodAccessorImpl.java:62)
      	at sun.reflect.DelegatingMethodAccessorImpl.invoke(DelegatingMethodAccessorImpl.java:43)
      	at java.lang.reflect.Method.invoke(Method.java:498)
      	at org.testng.internal.MethodInvocationHelper.invokeMethod(MethodInvocationHelper.java:124)
      	at org.testng.internal.Invoker.invokeMethod(Invoker.java:583)
      	at org.testng.internal.Invoker.invokeTestMethod(Invoker.java:719)
      	at org.testng.internal.Invoker.invokeTestMethods(Invoker.java:989)
      	at org.testng.internal.TestMethodWorker.invokeTestMethods(TestMethodWorker.java:125)
      	at org.testng.internal.TestMethodWorker.run(TestMethodWorker.java:109)
      	at org.testng.TestRunner.privateRun(TestRunner.java:648)
      	at org.testng.TestRunner.run(TestRunner.java:505)
      	at org.testng.SuiteRunner.runTest(SuiteRunner.java:455)
      	at org.testng.SuiteRunner.runSequentially(SuiteRunner.java:450)
      	at org.testng.SuiteRunner.privateRun(SuiteRunner.java:415)
      	at org.testng.SuiteRunner.run(SuiteRunner.java:364)
      	at org.testng.SuiteRunnerWorker.runSuite(SuiteRunnerWorker.java:52)
      	at org.testng.SuiteRunnerWorker.run(SuiteRunnerWorker.java:84)
      	at org.testng.TestNG.runSuitesSequentially(TestNG.java:1208)
      	at org.testng.TestNG.runSuitesLocally(TestNG.java:1137)
      	at org.testng.TestNG.runSuites(TestNG.java:1049)
      	at org.testng.TestNG.run(TestNG.java:1017)
      	at org.apache.maven.surefire.testng.TestNGExecutor.run(TestNGExecutor.java:283)
      	at org.apache.maven.surefire.testng.TestNGXmlTestSuite.execute(TestNGXmlTestSuite.java:75)
      	at org.apache.maven.surefire.testng.TestNGProvider.invoke(TestNGProvider.java:120)
      	at org.apache.maven.surefire.booter.ForkedBooter.invokeProviderInSameClassLoader(ForkedBooter.java:379)
      	at org.apache.maven.surefire.booter.ForkedBooter.runSuitesInProcess(ForkedBooter.java:340)
      	at org.apache.maven.surefire.booter.ForkedBooter.execute(ForkedBooter.java:125)
      	at org.apache.maven.surefire.booter.ForkedBooter.main(ForkedBooter.java:413)
      Caused by: java.lang.reflect.InvocationTargetException
      	at sun.reflect.NativeConstructorAccessorImpl.newInstance0(Native Method)
      	at sun.reflect.NativeConstructorAccessorImpl.newInstance(NativeConstructorAccessorImpl.java:62)
      	at sun.reflect.DelegatingConstructorAccessorImpl.newInstance(DelegatingConstructorAccessorImpl.java:45)
      	at java.lang.reflect.Constructor.newInstance(Constructor.java:423)
      	at cucumber.runtime.java.DefaultJavaObjectFactory.cacheNewInstance(DefaultJavaObjectFactory.java:41)
      	... 39 more
      Caused by: org.openqa.selenium.SessionNotCreatedException: session not created exception
      from chrome not reachable
        (Session info: chrome=66.0.3359.139)
        (Driver info: chromedriver=2.38.552522 (437e6fbedfa8762dec75e2c5b3ddb86763dc9dcb),platform=Windows NT 6.1.7601 SP1 x86_64) (WARNING: The server did not provide any stacktrace information)
      Command duration or timeout: 4.78 seconds
      Build info: version: '3.11.0', revision: 'e59cfb3', time: '2018-03-11T20:26:55.152Z'
      System info: host: 'BANTAM-PC', ip: '192.168.56.1', os.name: 'Windows 7', os.arch: 'amd64', os.version: '6.1', java.version: '1.8.0_144'
      Driver info: driver.version: ChromeDriver
      	at sun.reflect.NativeConstructorAccessorImpl.newInstance0(Native Method)
      	at sun.reflect.NativeConstructorAccessorImpl.newInstance(NativeConstructorAccessorImpl.java:62)
      	at sun.reflect.DelegatingConstructorAccessorImpl.newInstance(DelegatingConstructorAccessorImpl.java:45)
      	at java.lang.reflect.Constructor.newInstance(Constructor.java:423)
      	at org.openqa.selenium.remote.ErrorHandler.createThrowable(ErrorHandler.java:214)
      	at org.openqa.selenium.remote.ErrorHandler.throwIfResponseFailed(ErrorHandler.java:166)
      	at org.openqa.selenium.remote.JsonWireProtocolResponse.lambda$new$0(JsonWireProtocolResponse.java:53)
      	at org.openqa.selenium.remote.JsonWireProtocolResponse.lambda$getResponseFunction$2(JsonWireProtocolResponse.java:91)
      	at org.openqa.selenium.remote.ProtocolHandshake.lambda$createSession$0(ProtocolHandshake.java:123)
      	at java.util.stream.ReferencePipeline$3$1.accept(ReferencePipeline.java:193)
      	at java.util.Spliterators$ArraySpliterator.tryAdvance(Spliterators.java:958)
      	at java.util.stream.ReferencePipeline.forEachWithCancel(ReferencePipeline.java:126)
      	at java.util.stream.AbstractPipeline.copyIntoWithCancel(AbstractPipeline.java:498)
      	at java.util.stream.AbstractPipeline.copyInto(AbstractPipeline.java:485)
      	at java.util.stream.AbstractPipeline.wrapAndCopyInto(AbstractPipeline.java:471)
      	at java.util.stream.FindOps$FindOp.evaluateSequential(FindOps.java:152)
      	at java.util.stream.AbstractPipeline.evaluate(AbstractPipeline.java:234)
      	at java.util.stream.ReferencePipeline.findFirst(ReferencePipeline.java:464)
      	at org.openqa.selenium.remote.ProtocolHandshake.createSession(ProtocolHandshake.java:126)
      	at org.openqa.selenium.remote.ProtocolHandshake.createSession(ProtocolHandshake.java:73)
      	at org.openqa.selenium.remote.HttpCommandExecutor.execute(HttpCommandExecutor.java:136)
      	at org.openqa.selenium.remote.service.DriverCommandExecutor.execute(DriverCommandExecutor.java:83)
      	at org.openqa.selenium.remote.RemoteWebDriver.execute(RemoteWebDriver.java:545)
      	at org.openqa.selenium.remote.RemoteWebDriver.startSession(RemoteWebDriver.java:209)
      	at org.openqa.selenium.remote.RemoteWebDriver.<init>(RemoteWebDriver.java:132)
      	at org.openqa.selenium.chrome.ChromeDriver.<init>(ChromeDriver.java:181)
      	at org.openqa.selenium.chrome.ChromeDriver.<init>(ChromeDriver.java:168)
      	at org.openqa.selenium.chrome.ChromeDriver.<init>(ChromeDriver.java:123)
      	at my.initial.project.selenium.jenkins.StepDefinitions.<init>(StepDefinitions.java:14)
      	... 44 more
      &amp#27;[0m
    &amp#27;[36mThen &amp#27;[0m&amp#27;[36mPage title should be displayed&amp#27;[0m &amp#27;[90m# StepDefinitions.page_title_should_be_displayed()&amp#27;[0m
    &amp#27;[36mAnd &amp#27;[0m&amp#27;[36mBrowser should be shut down&amp#27;[0m     &amp#27;[90m# StepDefinitions.browser_should_be_shut_down()&amp#27;[0m
]]></system-out>
    <system-err><![CDATA[Starting ChromeDriver 2.38.552522 (437e6fbedfa8762dec75e2c5b3ddb86763dc9dcb) on port 44401
Only local connections are allowed.
May 16, 2018 10:16:57 AM org.openqa.selenium.remote.ProtocolHandshake createSession
INFO: Detected dialect: OSS
Starting ChromeDriver 2.38.552522 (437e6fbedfa8762dec75e2c5b3ddb86763dc9dcb) on port 10984
Only local connections are allowed.
]]></system-err>
  </testcase>
</testsuite>