<?xml version="1.0" encoding="UTF-8"?>
<testng-results skipped="0" failed="0" ignored="0" total="1" passed="1">
  <reporter-output>
  </reporter-output>
  <suite name="Suite" duration-ms="11794" started-at="2018-05-07T13:23:53Z" finished-at="2018-05-07T13:24:04Z">
    <groups>
    </groups>
    <test name="Test" duration-ms="11794" started-at="2018-05-07T13:23:53Z" finished-at="2018-05-07T13:24:04Z">
      <class name="my.initial.project.selenium.jenkins.firstTests">
        <test-method status="PASS" signature="openBrowser()[pri:0, instance:my.initial.project.selenium.jenkins.firstTests@2344fc66]" name="openBrowser" duration-ms="11752" started-at="2018-05-07T13:23:53Z" finished-at="2018-05-07T13:24:04Z">
          <reporter-output>
          </reporter-output>
        </test-method> <!-- openBrowser -->
      </class> <!-- my.initial.project.selenium.jenkins.firstTests -->
    </test> <!-- Test -->
  </suite> <!-- Suite -->
</testng-results>
