<?xml version="1.0" encoding="UTF-8"?>
<testng-results skipped="0" failed="0" ignored="0" total="1" passed="1">
  <reporter-output>
  </reporter-output>
  <suite name="Suite" duration-ms="69084" started-at="2018-05-16T08:14:55Z" finished-at="2018-05-16T08:16:05Z">
    <groups>
      <group name="cucumber">
        <method signature="AbstractTestNGCucumberTests.feature(cucumber.api.testng.CucumberFeatureWrapper)[pri:0, instance:my.initial.project.selenium.jenkins.TestRunner@4b4523f8]" name="feature" class="cucumber.api.testng.AbstractTestNGCucumberTests"/>
      </group> <!-- cucumber -->
    </groups>
    <test name="Test" duration-ms="69084" started-at="2018-05-16T08:14:55Z" finished-at="2018-05-16T08:16:05Z">
      <class name="my.initial.project.selenium.jenkins.TestRunner">
        <test-method status="PASS" signature="setUpClass()[pri:0, instance:my.initial.project.selenium.jenkins.TestRunner@4b4523f8]" name="setUpClass" is-config="true" duration-ms="329" started-at="2018-05-16T08:14:55Z" finished-at="2018-05-16T08:14:56Z">
          <reporter-output>
          </reporter-output>
        </test-method> <!-- setUpClass -->
        <test-method status="PASS" signature="feature(cucumber.api.testng.CucumberFeatureWrapper)[pri:0, instance:my.initial.project.selenium.jenkins.TestRunner@4b4523f8]" name="feature" duration-ms="68593" started-at="2018-05-16T08:14:56Z" description="Runs Cucumber Feature" data-provider="features" finished-at="2018-05-16T08:16:04Z">
          <params>
            <param index="0">
              <value>
                <![CDATA[Test]]>
              </value>
            </param>
          </params>
          <reporter-output>
          </reporter-output>
        </test-method> <!-- feature -->
        <test-method status="PASS" signature="tearDownClass()[pri:0, instance:my.initial.project.selenium.jenkins.TestRunner@4b4523f8]" name="tearDownClass" is-config="true" duration-ms="35" started-at="2018-05-16T08:16:05Z" finished-at="2018-05-16T08:16:05Z">
          <reporter-output>
          </reporter-output>
        </test-method> <!-- tearDownClass -->
      </class> <!-- my.initial.project.selenium.jenkins.TestRunner -->
    </test> <!-- Test -->
  </suite> <!-- Suite -->
</testng-results>
